C:\Program Files (x86)\Microsoft Visual Studio\2019\Community\MSBuild\Microsoft\VC\v160\Microsoft.CppBuild.targets(467,5): warning MSB8028: промежуточный каталог (Debug\) содержит файлы, которые используются совместно с другим проектом (Opengl Test.vcxproj, Лаб № 31 Графы.vcxproj).  Это может привести к ошибкам очистки и перестроения.
  Graph.cpp
C:\Users\79822\source\repos\Лаб № 32 Задача Коммивояжера\Graph.h(588,17): warning C4244: аргумент: преобразование "int" в "GLfloat", возможна потеря данных
C:\Users\79822\source\repos\Лаб № 32 Задача Коммивояжера\Graph.h(588,13): warning C4244: аргумент: преобразование "int" в "GLfloat", возможна потеря данных
C:\Users\79822\source\repos\Лаб № 32 Задача Коммивояжера\Graph.h(591,19): warning C4244: =: преобразование "double" в "float", возможна потеря данных
C:\Users\79822\source\repos\Лаб № 32 Задача Коммивояжера\Graph.h(592,19): warning C4244: =: преобразование "double" в "float", возможна потеря данных
C:\Users\79822\source\repos\Лаб № 32 Задача Коммивояжера\Graph.h(612,38): warning C4244: аргумент: преобразование "int" в "GLfloat", возможна потеря данных
C:\Users\79822\source\repos\Лаб № 32 Задача Коммивояжера\Graph.h(612,22): warning C4244: аргумент: преобразование "int" в "GLfloat", возможна потеря данных
C:\Users\79822\source\repos\Лаб № 32 Задача Коммивояжера\Graph.h(615,20): warning C4018: <: несоответствие типов со знаком и без знака
C:\Users\79822\source\repos\Лаб № 32 Задача Коммивояжера\Graph.h(181,20): warning C4018: <=: несоответствие типов со знаком и без знака
C:\Users\79822\source\repos\Лаб № 32 Задача Коммивояжера\Graph.h(178): message : во время компиляции функции-члена класс шаблон "void Graph<char>::addEdgeIn(void)"
C:\Users\79822\source\repos\Лаб № 32 Задача Коммивояжера\Graph.cpp(15): message : выполняется компиляция ссылки на экземпляр шаблон функции "void Graph<char>::addEdgeIn(void)"
C:\Users\79822\source\repos\Лаб № 32 Задача Коммивояжера\Graph.h(39): message : выполняется компиляция ссылки на экземпляр класс шаблон функции "Graph<char>"
C:\Users\79822\source\repos\Лаб № 32 Задача Коммивояжера\Graph.h(183,21): warning C4018: <=: несоответствие типов со знаком и без знака
C:\Users\79822\source\repos\Лаб № 32 Задача Коммивояжера\Graph.h(266,20): warning C4018: <=: несоответствие типов со знаком и без знака
C:\Users\79822\source\repos\Лаб № 32 Задача Коммивояжера\Graph.h(258): message : во время компиляции функции-члена класс шаблон "void Graph<char>::Salesman(void)"
C:\Users\79822\source\repos\Лаб № 32 Задача Коммивояжера\Graph.cpp(19): message : выполняется компиляция ссылки на экземпляр шаблон функции "void Graph<char>::Salesman(void)"
C:\Users\79822\source\repos\Лаб № 32 Задача Коммивояжера\Graph.h(271,20): warning C4018: <=: несоответствие типов со знаком и без знака
C:\Users\79822\source\repos\Лаб № 32 Задача Коммивояжера\Graph.h(272,21): warning C4018: <=: несоответствие типов со знаком и без знака
C:\Users\79822\source\repos\Лаб № 32 Задача Коммивояжера\Graph.h(276,20): warning C4018: <=: несоответствие типов со знаком и без знака
C:\Users\79822\source\repos\Лаб № 32 Задача Коммивояжера\Graph.h(284,21): warning C4018: <=: несоответствие типов со знаком и без знака
C:\Users\79822\source\repos\Лаб № 32 Задача Коммивояжера\Graph.h(285,22): warning C4018: <=: несоответствие типов со знаком и без знака
C:\Users\79822\source\repos\Лаб № 32 Задача Коммивояжера\Graph.h(292,21): warning C4018: <=: несоответствие типов со знаком и без знака
C:\Users\79822\source\repos\Лаб № 32 Задача Коммивояжера\Graph.h(293,22): warning C4018: <=: несоответствие типов со знаком и без знака
C:\Users\79822\source\repos\Лаб № 32 Задача Коммивояжера\Graph.h(301,21): warning C4018: <=: несоответствие типов со знаком и без знака
C:\Users\79822\source\repos\Лаб № 32 Задача Коммивояжера\Graph.h(307,21): warning C4018: <=: несоответствие типов со знаком и без знака
C:\Users\79822\source\repos\Лаб № 32 Задача Коммивояжера\Graph.h(308,22): warning C4018: <=: несоответствие типов со знаком и без знака
C:\Users\79822\source\repos\Лаб № 32 Задача Коммивояжера\Graph.h(314,21): warning C4018: <=: несоответствие типов со знаком и без знака
C:\Users\79822\source\repos\Лаб № 32 Задача Коммивояжера\Graph.h(315,22): warning C4018: <=: несоответствие типов со знаком и без знака
C:\Users\79822\source\repos\Лаб № 32 Задача Коммивояжера\Graph.h(322,21): warning C4018: <=: несоответствие типов со знаком и без знака
C:\Users\79822\source\repos\Лаб № 32 Задача Коммивояжера\Graph.h(323,22): warning C4018: <=: несоответствие типов со знаком и без знака
C:\Users\79822\source\repos\Лаб № 32 Задача Коммивояжера\Graph.h(331,21): warning C4018: <=: несоответствие типов со знаком и без знака
C:\Users\79822\source\repos\Лаб № 32 Задача Коммивояжера\Graph.h(336,21): warning C4018: <=: несоответствие типов со знаком и без знака
C:\Users\79822\source\repos\Лаб № 32 Задача Коммивояжера\Graph.h(337,22): warning C4018: <=: несоответствие типов со знаком и без знака
C:\Users\79822\source\repos\Лаб № 32 Задача Коммивояжера\Graph.h(344,21): warning C4018: <=: несоответствие типов со знаком и без знака
C:\Users\79822\source\repos\Лаб № 32 Задача Коммивояжера\Graph.h(347,22): warning C4018: <=: несоответствие типов со знаком и без знака
C:\Users\79822\source\repos\Лаб № 32 Задача Коммивояжера\Graph.h(356,21): warning C4018: <=: несоответствие типов со знаком и без знака
C:\Users\79822\source\repos\Лаб № 32 Задача Коммивояжера\Graph.h(357,22): warning C4018: <=: несоответствие типов со знаком и без знака
C:\Users\79822\source\repos\Лаб № 32 Задача Коммивояжера\Graph.h(362,21): warning C4018: <=: несоответствие типов со знаком и без знака
C:\Users\79822\source\repos\Лаб № 32 Задача Коммивояжера\Graph.h(363,22): warning C4018: <=: несоответствие типов со знаком и без знака
C:\Users\79822\source\repos\Лаб № 32 Задача Коммивояжера\Graph.h(366,24): warning C4018: <=: несоответствие типов со знаком и без знака
C:\Users\79822\source\repos\Лаб № 32 Задача Коммивояжера\Graph.h(374,24): warning C4018: <=: несоответствие типов со знаком и без знака
C:\Users\79822\source\repos\Лаб № 32 Задача Коммивояжера\Graph.h(383,24): warning C4018: <=: несоответствие типов со знаком и без знака
C:\Users\79822\source\repos\Лаб № 32 Задача Коммивояжера\Graph.h(391,24): warning C4018: <=: несоответствие типов со знаком и без знака
C:\Users\79822\source\repos\Лаб № 32 Задача Коммивояжера\Graph.h(406,21): warning C4018: <=: несоответствие типов со знаком и без знака
C:\Users\79822\source\repos\Лаб № 32 Задача Коммивояжера\Graph.h(409,22): warning C4018: <=: несоответствие типов со знаком и без знака
C:\Users\79822\source\repos\Лаб № 32 Задача Коммивояжера\Graph.h(416,21): warning C4018: <=: несоответствие типов со знаком и без знака
C:\Users\79822\source\repos\Лаб № 32 Задача Коммивояжера\Graph.h(417,22): warning C4018: <=: несоответствие типов со знаком и без знака
C:\Users\79822\source\repos\Лаб № 32 Задача Коммивояжера\Graph.h(427,21): warning C4018: <=: несоответствие типов со знаком и без знака
C:\Users\79822\source\repos\Лаб № 32 Задача Коммивояжера\Graph.h(428,22): warning C4018: <=: несоответствие типов со знаком и без знака
C:\Users\79822\source\repos\Лаб № 32 Задача Коммивояжера\Graph.h(442,21): warning C4018: <=: несоответствие типов со знаком и без знака
C:\Users\79822\source\repos\Лаб № 32 Задача Коммивояжера\Graph.h(444,23): warning C4018: <=: несоответствие типов со знаком и без знака
C:\Users\79822\source\repos\Лаб № 32 Задача Коммивояжера\Graph.h(445,24): warning C4018: <=: несоответствие типов со знаком и без знака
C:\Users\79822\source\repos\Лаб № 32 Задача Коммивояжера\Graph.h(452,21): warning C4018: <=: несоответствие типов со знаком и без знака
C:\Users\79822\source\repos\Лаб № 32 Задача Коммивояжера\Graph.h(455,22): warning C4018: <=: несоответствие типов со знаком и без знака
C:\Users\79822\source\repos\Лаб № 32 Задача Коммивояжера\Graph.h(462,21): warning C4018: <=: несоответствие типов со знаком и без знака
C:\Users\79822\source\repos\Лаб № 32 Задача Коммивояжера\Graph.h(464,23): warning C4018: <=: несоответствие типов со знаком и без знака
C:\Users\79822\source\repos\Лаб № 32 Задача Коммивояжера\Graph.h(465,24): warning C4018: <=: несоответствие типов со знаком и без знака
C:\Users\79822\source\repos\Лаб № 32 Задача Коммивояжера\Graph.h(472,21): warning C4018: <=: несоответствие типов со знаком и без знака
C:\Users\79822\source\repos\Лаб № 32 Задача Коммивояжера\Graph.h(475,22): warning C4018: <=: несоответствие типов со знаком и без знака
C:\Users\79822\source\repos\Лаб № 32 Задача Коммивояжера\Graph.h(483,31): warning C4018: <=: несоответствие типов со знаком и без знака
C:\Users\79822\source\repos\Лаб № 32 Задача Коммивояжера\Graph.h(485,31): warning C4018: <=: несоответствие типов со знаком и без знака
C:\Users\79822\source\repos\Лаб № 32 Задача Коммивояжера\Graph.h(489,21): warning C4018: <=: несоответствие типов со знаком и без знака
C:\Users\79822\source\repos\Лаб № 32 Задача Коммивояжера\Graph.h(490,22): warning C4018: <=: несоответствие типов со знаком и без знака
C:\Users\79822\source\repos\Лаб № 32 Задача Коммивояжера\Graph.h(529,21): warning C4018: <=: несоответствие типов со знаком и без знака
C:\Users\79822\source\repos\Лаб № 32 Задача Коммивояжера\Graph.h(530,22): warning C4018: <=: несоответствие типов со знаком и без знака
C:\Users\79822\source\repos\Лаб № 32 Задача Коммивояжера\Graph.h(552,20): warning C4018: <=: несоответствие типов со знаком и без знака
C:\Users\79822\source\repos\Лаб № 32 Задача Коммивояжера\Graph.h(556,20): warning C4018: <=: несоответствие типов со знаком и без знака
C:\Users\79822\source\repos\Лаб № 32 Задача Коммивояжера\Graph.h(259,6): warning C4101: kp: неиспользованная локальная переменная
C:\Users\79822\source\repos\Лаб № 32 Задача Коммивояжера\Graph.h(166,22): warning C4018: <: несоответствие типов со знаком и без знака
C:\Users\79822\source\repos\Лаб № 32 Задача Коммивояжера\Graph.h(156): message : во время компиляции функции-члена класс шаблон "void Graph<char>::addEdge(const T &,const T &,int)"
          with
          [
              T=char
          ]
C:\Users\79822\source\repos\Лаб № 32 Задача Коммивояжера\Graph.h(189): message : выполняется компиляция ссылки на экземпляр шаблон функции "void Graph<char>::addEdge(const T &,const T &,int)"
          with
          [
              T=char
          ]
C:\Users\79822\source\repos\Лаб № 32 Задача Коммивояжера\Graph.h(54): message : во время компиляции функции-члена класс шаблон "Graph<char>::Graph(void)"
C:\Users\79822\source\repos\Лаб № 32 Задача Коммивояжера\Graph.h(41): message : выполняется компиляция ссылки на экземпляр шаблон функции "Graph<char>::Graph(void)"
C:\Users\79822\source\repos\Лаб № 32 Задача Коммивояжера\Graph.h(644,20): warning C4018: <: несоответствие типов со знаком и без знака
C:\Users\79822\source\repos\Лаб № 32 Задача Коммивояжера\Graph.h(698): message : выполняется компиляция ссылки на экземпляр шаблон функции "void display<T>(void)"
          with
          [
              T=char
          ]
C:\Users\79822\source\repos\Лаб № 32 Задача Коммивояжера\Graph.h(686): message : во время компиляции функции-члена класс шаблон "void Graph<char>::drawGraph(int,char **)"
C:\Users\79822\source\repos\Лаб № 32 Задача Коммивояжера\Graph.cpp(20): message : выполняется компиляция ссылки на экземпляр шаблон функции "void Graph<char>::drawGraph(int,char **)"
C:\Users\79822\source\repos\Лаб № 32 Задача Коммивояжера\Graph.h(645,21): warning C4018: <: несоответствие типов со знаком и без знака
C:\Users\79822\source\repos\Лаб № 32 Задача Коммивояжера\Graph.h(652,20): warning C4018: <: несоответствие типов со знаком и без знака
C:\Users\79822\source\repos\Лаб № 32 Задача Коммивояжера\Graph.h(653,21): warning C4018: <: несоответствие типов со знаком и без знака
C:\Users\79822\source\repos\Лаб № 32 Задача Коммивояжера\Graph.h(663,20): warning C4018: <: несоответствие типов со знаком и без знака
C:\Users\79822\source\repos\Лаб № 32 Задача Коммивояжера\Graph.h(87,20): warning C4018: <: несоответствие типов со знаком и без знака
C:\Users\79822\source\repos\Лаб № 32 Задача Коммивояжера\Graph.h(86): message : во время компиляции функции-члена класс шаблон "int Graph<char>::GetVertPos(const T &)"
          with
          [
              T=char
          ]
C:\Users\79822\source\repos\Лаб № 32 Задача Коммивояжера\Graph.h(157): message : выполняется компиляция ссылки на экземпляр шаблон функции "int Graph<char>::GetVertPos(const T &)"
          with
          [
              T=char
          ]
C:\Users\79822\source\repos\Лаб № 32 Задача Коммивояжера\Graph.h(94): message : во время компиляции функции-члена класс шаблон "bool Graph<char>::isEmpty(void)"
C:\Users\79822\source\repos\Лаб № 32 Задача Коммивояжера\Graph.h(70): message : выполняется компиляция ссылки на экземпляр шаблон функции "bool Graph<char>::isEmpty(void)"
  Лаб № 32 Задача Коммивояжера.vcxproj -> C:\Users\79822\source\repos\Лаб № 32 Задача Коммивояжера\Debug\Лаб № 32 Задача Коммивояжера.exe
